#
# There is insufficient memory for the Java Runtime Environment to continue.
# Native memory allocation (malloc) failed to allocate 1037936 bytes for Chunk::new
# Possible reasons:
#   The system is out of physical RAM or swap space
#   In 32 bit mode, the process size limit was hit
# Possible solutions:
#   Reduce memory load on the system
#   Increase physical memory or swap space
#   Check if swap backing store is full
#   Use 64 bit Java on a 64 bit OS
#   Decrease Java heap size (-Xmx/-Xms)
#   Decrease number of Java threads
#   Decrease Java thread stack sizes (-Xss)
#   Set larger code cache with -XX:ReservedCodeCacheSize=
# This output file may be truncated or incomplete.
#
#  Out of Memory Error (allocation.cpp:390), pid=9732, tid=7284
#
# JRE version: Java(TM) SE Runtime Environment (8.0_51-b16) (build 1.8.0_51-b16)
# Java VM: Java HotSpot(TM) 64-Bit Server VM (25.51-b03 mixed mode windows-amd64 compressed oops)
# Failed to write core dump. Minidumps are not enabled by default on client versions of Windows
#

---------------  T H R E A D  ---------------

Current thread (0x0000000018dcc800):  JavaThread "C2 CompilerThread0" daemon [_thread_in_native, id=7284, stack(0x0000000019160000,0x0000000019260000)]

Stack: [0x0000000019160000,0x0000000019260000],  sp=0x000000001925f1a0,  free space=1020k
Native frames: (J=compiled Java code, j=interpreted, Vv=VM code, C=native code)
V  [jvm.dll+0x32b4ca]
V  [jvm.dll+0x2797e3]
V  [jvm.dll+0x27a479]
V  [jvm.dll+0x271765]
V  [jvm.dll+0xcba02]
V  [jvm.dll+0xcbecc]
V  [jvm.dll+0x476f72]
V  [jvm.dll+0x4b95ff]
V  [jvm.dll+0x46bb38]
V  [jvm.dll+0x46cd4e]
V  [jvm.dll+0x4501a2]
V  [jvm.dll+0xa43a2]
V  [jvm.dll+0xa4cdf]
V  [jvm.dll+0x2418a4]
V  [jvm.dll+0x29846a]
C  [msvcr100.dll+0x21d9f]
C  [msvcr100.dll+0x21e3b]
C  [KERNEL32.DLL+0x17bd4]
C  [ntdll.dll+0x6ce51]


Current CompileTask:
C2:   8432 1265       4       org.apache.xmlbeans.impl.store.Path$XbeanPathEngine::advance (155 bytes)


---------------  P R O C E S S  ---------------

Java Threads: ( => current thread )
  0x0000000018ea2000 JavaThread "Service Thread" daemon [_thread_blocked, id=11868, stack(0x0000000019460000,0x0000000019560000)]
  0x0000000018dd9800 JavaThread "C1 CompilerThread2" daemon [_thread_in_native, id=1612, stack(0x0000000019360000,0x0000000019460000)]
  0x0000000018dcd800 JavaThread "C2 CompilerThread1" daemon [_thread_in_native, id=6252, stack(0x0000000019260000,0x0000000019360000)]
=>0x0000000018dcc800 JavaThread "C2 CompilerThread0" daemon [_thread_in_native, id=7284, stack(0x0000000019160000,0x0000000019260000)]
  0x0000000018d9c800 JavaThread "Monitor Ctrl-Break" daemon [_thread_in_native, id=116, stack(0x0000000019060000,0x0000000019160000)]
  0x000000001775e000 JavaThread "Attach Listener" daemon [_thread_blocked, id=1040, stack(0x0000000018b60000,0x0000000018c60000)]
  0x0000000017710800 JavaThread "Signal Dispatcher" daemon [_thread_blocked, id=11016, stack(0x0000000018a60000,0x0000000018b60000)]
  0x0000000002d88000 JavaThread "Finalizer" daemon [_thread_blocked, id=1136, stack(0x0000000018960000,0x0000000018a60000)]
  0x0000000002d7f000 JavaThread "Reference Handler" daemon [_thread_blocked, id=8268, stack(0x0000000018860000,0x0000000018960000)]
  0x0000000002c93800 JavaThread "main" [_thread_in_Java, id=6832, stack(0x0000000002650000,0x0000000002750000)]

Other Threads:
  0x00000000176c7800 VMThread [stack: 0x0000000018760000,0x0000000018860000] [id=8760]
  0x0000000018ee9800 WatcherThread [stack: 0x0000000019560000,0x0000000019660000] [id=10736]

VM state:not at safepoint (normal execution)

VM Mutex/Monitor currently owned by a thread: None

Heap:
 PSYoungGen      total 57856K, used 38279K [0x00000000d6e00000, 0x00000000e2380000, 0x0000000100000000)
  eden space 52736K, 72% used [0x00000000d6e00000,0x00000000d9361cc8,0x00000000da180000)
  from space 5120K, 0% used [0x00000000da180000,0x00000000da180000,0x00000000da680000)
  to   space 58368K, 0% used [0x00000000dea80000,0x00000000dea80000,0x00000000e2380000)
 ParOldGen       total 320000K, used 318845K [0x0000000084a00000, 0x0000000098280000, 0x00000000d6e00000)
  object space 320000K, 99% used [0x0000000084a00000,0x000000009815f598,0x0000000098280000)
 Metaspace       used 12869K, capacity 13030K, committed 13312K, reserved 1064960K
  class space    used 1440K, capacity 1473K, committed 1536K, reserved 1048576K

Card table byte_map: [0x0000000012150000,0x0000000012530000] byte_map_base: 0x0000000011d2b000

Marking Bits: (ParMarkBitMap*) 0x0000000053cb4040
 Begin Bits: [0x0000000012bd0000, 0x0000000014aa8000)
 End Bits:   [0x0000000014aa8000, 0x0000000016980000)

Polling page: 0x0000000000b40000

CodeCache: size=245760Kb used=5227Kb max_used=5227Kb free=240532Kb
 bounds [0x0000000002d90000, 0x00000000032c0000, 0x0000000011d90000]
 total_blobs=1668 nmethods=1327 adapters=253
 compilation: enabled

Compilation events (10 events):
Event: 8.403 Thread 0x0000000018dd9800 nmethod 1317 0x00000000032a09d0 code [0x00000000032a0b80, 0x00000000032a13c8]
Event: 8.403 Thread 0x0000000018dd9800 1318  s    3       java.lang.StringBuffer::getChars (10 bytes)
Event: 8.403 Thread 0x0000000018dd9800 nmethod 1318 0x00000000032a1610 code [0x00000000032a1780, 0x00000000032a1a68]
Event: 8.406 Thread 0x0000000018dd9800 1320       3       org.apache.xmlbeans.impl.store.Xobj$NodeXobj::getDom (2 bytes)
Event: 8.406 Thread 0x0000000018dd9800 nmethod 1320 0x00000000032a1b50 code [0x00000000032a1ca0, 0x00000000032a1df0]
Event: 8.406 Thread 0x0000000018dd9800 1321   !   3       org.apache.xmlbeans.impl.values.XmlObjectBase::getDomNode (29 bytes)
Event: 8.407 Thread 0x0000000018dd9800 nmethod 1321 0x00000000032a1e90 code [0x00000000032a2080, 0x00000000032a2b18]
Event: 8.407 Thread 0x0000000018dd9800 1322   !   3       org.apache.xmlbeans.impl.values.XmlObjectBase::newCursorForce (24 bytes)
Event: 8.408 Thread 0x0000000018dd9800 nmethod 1322 0x00000000032a2fd0 code [0x00000000032a3180, 0x00000000032a3948]
Event: 8.408 Thread 0x0000000018dd9800 1323       3       org.apache.xmlbeans.impl.values.XmlObjectBase::ensureStore (97 bytes)

GC Heap History (10 events):
Event: 4.589 GC heap before
{Heap before GC invocations=7 (full 2):
 PSYoungGen      total 57856K, used 52736K [0x00000000d6e00000, 0x00000000dad80000, 0x0000000100000000)
  eden space 52736K, 100% used [0x00000000d6e00000,0x00000000da180000,0x00000000da180000)
  from space 5120K, 0% used [0x00000000da680000,0x00000000da680000,0x00000000dab80000)
  to   space 5120K, 0% used [0x00000000da180000,0x00000000da180000,0x00000000da680000)
 ParOldGen       total 320000K, used 193374K [0x0000000084a00000, 0x0000000098280000, 0x00000000d6e00000)
  object space 320000K, 60% used [0x0000000084a00000,0x00000000906d7ad0,0x0000000098280000)
 Metaspace       used 4600K, capacity 5088K, committed 5248K, reserved 1056768K
  class space    used 502K, capacity 528K, committed 640K, reserved 1048576K
Event: 4.662 GC heap after
Heap after GC invocations=7 (full 2):
 PSYoungGen      total 57856K, used 5118K [0x00000000d6e00000, 0x00000000e2380000, 0x0000000100000000)
  eden space 52736K, 0% used [0x00000000d6e00000,0x00000000d6e00000,0x00000000da180000)
  from space 5120K, 99% used [0x00000000da180000,0x00000000da67fb58,0x00000000da680000)
  to   space 58368K, 0% used [0x00000000dea80000,0x00000000dea80000,0x00000000e2380000)
 ParOldGen       total 320000K, used 238350K [0x0000000084a00000, 0x0000000098280000, 0x00000000d6e00000)
  object space 320000K, 74% used [0x0000000084a00000,0x00000000932c3ad0,0x0000000098280000)
 Metaspace       used 4600K, capacity 5088K, committed 5248K, reserved 1056768K
  class space    used 502K, capacity 528K, committed 640K, reserved 1048576K
}
Event: 4.748 GC heap before
{Heap before GC invocations=8 (full 2):
 PSYoungGen      total 57856K, used 56733K [0x00000000d6e00000, 0x00000000e2380000, 0x0000000100000000)
  eden space 52736K, 97% used [0x00000000d6e00000,0x00000000da067960,0x00000000da180000)
  from space 5120K, 99% used [0x00000000da180000,0x00000000da67fb58,0x00000000da680000)
  to   space 58368K, 0% used [0x00000000dea80000,0x00000000dea80000,0x00000000e2380000)
 ParOldGen       total 320000K, used 238350K [0x0000000084a00000, 0x0000000098280000, 0x00000000d6e00000)
  object space 320000K, 74% used [0x0000000084a00000,0x00000000932c3ad0,0x0000000098280000)
 Metaspace       used 4600K, capacity 5088K, committed 5248K, reserved 1056768K
  class space    used 502K, capacity 528K, committed 640K, reserved 1048576K
Event: 4.818 GC heap after
Heap after GC invocations=8 (full 2):
 PSYoungGen      total 111104K, used 52285K [0x00000000d6e00000, 0x00000000e2380000, 0x0000000100000000)
  eden space 52736K, 0% used [0x00000000d6e00000,0x00000000d6e00000,0x00000000da180000)
  from space 58368K, 89% used [0x00000000dea80000,0x00000000e1d8f568,0x00000000e2380000)
  to   space 5120K, 0% used [0x00000000da180000,0x00000000da180000,0x00000000da680000)
 ParOldGen       total 320000K, used 238350K [0x0000000084a00000, 0x0000000098280000, 0x00000000d6e00000)
  object space 320000K, 74% used [0x0000000084a00000,0x00000000932c3ad0,0x0000000098280000)
 Metaspace       used 4600K, capacity 5088K, committed 5248K, reserved 1056768K
  class space    used 502K, capacity 528K, committed 640K, reserved 1048576K
}
Event: 4.876 GC heap before
{Heap before GC invocations=9 (full 2):
 PSYoungGen      total 111104K, used 99757K [0x00000000d6e00000, 0x00000000e2380000, 0x0000000100000000)
  eden space 52736K, 90% used [0x00000000d6e00000,0x00000000d9c5c180,0x00000000da180000)
  from space 58368K, 89% used [0x00000000dea80000,0x00000000e1d8f568,0x00000000e2380000)
  to   space 5120K, 0% used [0x00000000da180000,0x00000000da180000,0x00000000da680000)
 ParOldGen       total 320000K, used 238350K [0x0000000084a00000, 0x0000000098280000, 0x00000000d6e00000)
  object space 320000K, 74% used [0x0000000084a00000,0x00000000932c3ad0,0x0000000098280000)
 Metaspace       used 4602K, capacity 5088K, committed 5248K, reserved 1056768K
  class space    used 502K, capacity 528K, committed 640K, reserved 1048576K
Event: 4.969 GC heap after
Heap after GC invocations=9 (full 2):
 PSYoungGen      total 57856K, used 5100K [0x00000000d6e00000, 0x00000000e2380000, 0x0000000100000000)
  eden space 52736K, 0% used [0x00000000d6e00000,0x00000000d6e00000,0x00000000da180000)
  from space 5120K, 99% used [0x00000000da180000,0x00000000da67b010,0x00000000da680000)
  to   space 58368K, 0% used [0x00000000dea80000,0x00000000dea80000,0x00000000e2380000)
 ParOldGen       total 320000K, used 318070K [0x0000000084a00000, 0x0000000098280000, 0x00000000d6e00000)
  object space 320000K, 99% used [0x0000000084a00000,0x000000009809dae0,0x0000000098280000)
 Metaspace       used 4602K, capacity 5088K, committed 5248K, reserved 1056768K
  class space    used 502K, capacity 528K, committed 640K, reserved 1048576K
}
Event: 4.969 GC heap before
{Heap before GC invocations=10 (full 3):
 PSYoungGen      total 57856K, used 5100K [0x00000000d6e00000, 0x00000000e2380000, 0x0000000100000000)
  eden space 52736K, 0% used [0x00000000d6e00000,0x00000000d6e00000,0x00000000da180000)
  from space 5120K, 99% used [0x00000000da180000,0x00000000da67b010,0x00000000da680000)
  to   space 58368K, 0% used [0x00000000dea80000,0x00000000dea80000,0x00000000e2380000)
 ParOldGen       total 320000K, used 318070K [0x0000000084a00000, 0x0000000098280000, 0x00000000d6e00000)
  object space 320000K, 99% used [0x0000000084a00000,0x000000009809dae0,0x0000000098280000)
 Metaspace       used 4602K, capacity 5088K, committed 5248K, reserved 1056768K
  class space    used 502K, capacity 528K, committed 640K, reserved 1048576K
Event: 6.785 GC heap after
Heap after GC invocations=10 (full 3):
 PSYoungGen      total 57856K, used 5099K [0x00000000d6e00000, 0x00000000e2380000, 0x0000000100000000)
  eden space 52736K, 0% used [0x00000000d6e00000,0x00000000d6e00000,0x00000000da180000)
  from space 5120K, 99% used [0x00000000da180000,0x00000000da67aeb8,0x00000000da680000)
  to   space 58368K, 0% used [0x00000000dea80000,0x00000000dea80000,0x00000000e2380000)
 ParOldGen       total 320000K, used 317657K [0x0000000084a00000, 0x0000000098280000, 0x00000000d6e00000)
  object space 320000K, 99% used [0x0000000084a00000,0x00000000980366b0,0x0000000098280000)
 Metaspace       used 4602K, capacity 5088K, committed 5248K, reserved 1056768K
  class space    used 502K, capacity 528K, committed 640K, reserved 1048576K
}
Event: 7.500 GC heap before
{Heap before GC invocations=11 (full 4):
 PSYoungGen      total 57856K, used 57835K [0x00000000d6e00000, 0x00000000e2380000, 0x0000000100000000)
  eden space 52736K, 100% used [0x00000000d6e00000,0x00000000da180000,0x00000000da180000)
  from space 5120K, 99% used [0x00000000da180000,0x00000000da67aeb8,0x00000000da680000)
  to   space 58368K, 0% used [0x00000000dea80000,0x00000000dea80000,0x00000000e2380000)
 ParOldGen       total 320000K, used 317657K [0x0000000084a00000, 0x0000000098280000, 0x00000000d6e00000)
  object space 320000K, 99% used [0x0000000084a00000,0x00000000980366b0,0x0000000098280000)
 Metaspace       used 10584K, capacity 10624K, committed 10752K, reserved 1058816K
  class space    used 1170K, capacity 1200K, committed 1280K, reserved 1048576K
Event: 8.088 GC heap after
Heap after GC invocations=11 (full 4):
 PSYoungGen      total 57856K, used 12813K [0x00000000d6e00000, 0x00000000e2380000, 0x0000000100000000)
  eden space 52736K, 24% used [0x00000000d6e00000,0x00000000d7a837e8,0x00000000da180000)
  from space 5120K, 0% used [0x00000000da180000,0x00000000da180000,0x00000000da680000)
  to   space 58368K, 0% used [0x00000000dea80000,0x00000000dea80000,0x00000000e2380000)
 ParOldGen       total 320000K, used 318845K [0x0000000084a00000, 0x0000000098280000, 0x00000000d6e00000)
  object space 320000K, 99% used [0x0000000084a00000,0x000000009815f598,0x0000000098280000)
 Metaspace       used 10584K, capacity 10624K, committed 10752K, reserved 1058816K
  class space    used 1170K, capacity 1200K, committed 1280K, reserved 1048576K
}

Deoptimization events (10 events):
Event: 7.210 Thread 0x0000000002c93800 Uncommon trap: reason=class_check action=maybe_recompile pc=0x0000000003049a8c method=java.util.zip.InflaterInputStream.read([BII)I @ 100
Event: 7.239 Thread 0x0000000002c93800 Uncommon trap: reason=unstable_if action=reinterpret pc=0x0000000003053ad8 method=java.util.HashMap.putVal(ILjava/lang/Object;Ljava/lang/Object;ZZ)Ljava/lang/Object; @ 181
Event: 7.242 Thread 0x0000000002c93800 Uncommon trap: reason=unstable_if action=reinterpret pc=0x0000000003063df0 method=java.util.HashMap.putVal(ILjava/lang/Object;Ljava/lang/Object;ZZ)Ljava/lang/Object; @ 181
Event: 7.285 Thread 0x0000000002c93800 Uncommon trap: reason=null_check action=make_not_entrant pc=0x0000000002ea4e30 method=java.lang.String.equals(Ljava/lang/Object;)Z @ 8
Event: 7.448 Thread 0x0000000002c93800 Uncommon trap: reason=unstable_if action=reinterpret pc=0x000000000315bc10 method=org.apache.xmlbeans.impl.piccolo.xml.PiccoloLexer.checkEndTag(Ljava/lang/String;)V @ 19
Event: 7.458 Thread 0x0000000002c93800 Uncommon trap: reason=unstable_if action=reinterpret pc=0x00000000030a6cd4 method=java.util.LinkedHashMap.get(Ljava/lang/Object;)Ljava/lang/Object; @ 11
Event: 8.213 Thread 0x0000000002c93800 Uncommon trap: reason=class_check action=maybe_recompile pc=0x00000000030a7b8c method=org.apache.xmlbeans.impl.schema.SchemaTypeSystemImpl$HandlePool.refForHandle(Ljava/lang/String;)Lorg/apache/xmlbeans/SchemaComponent$Ref; @ 16
Event: 8.214 Thread 0x0000000002c93800 Uncommon trap: reason=class_check action=maybe_recompile pc=0x00000000030a7b8c method=org.apache.xmlbeans.impl.schema.SchemaTypeSystemImpl$HandlePool.refForHandle(Ljava/lang/String;)Lorg/apache/xmlbeans/SchemaComponent$Ref; @ 16
Event: 8.214 Thread 0x0000000002c93800 Uncommon trap: reason=class_check action=maybe_recompile pc=0x00000000030a7b8c method=org.apache.xmlbeans.impl.schema.SchemaTypeSystemImpl$HandlePool.refForHandle(Ljava/lang/String;)Lorg/apache/xmlbeans/SchemaComponent$Ref; @ 16
Event: 8.214 Thread 0x0000000002c93800 Uncommon trap: reason=class_check action=maybe_recompile pc=0x00000000030a7b8c method=org.apache.xmlbeans.impl.schema.SchemaTypeSystemImpl$HandlePool.refForHandle(Ljava/lang/String;)Lorg/apache/xmlbeans/SchemaComponent$Ref; @ 16

Internal exceptions (10 events):
Event: 7.035 Thread 0x0000000002c93800 Exception <a 'java/security/PrivilegedActionException'> (0x00000000d801f190) thrown at [C:\re\workspace\8-2-build-windows-amd64-cygwin\jdk8u51\3951\hotspot\src\share\vm\prims\jvm.cpp, line 1382]
Event: 7.035 Thread 0x0000000002c93800 Exception <a 'java/security/PrivilegedActionException'> (0x00000000d801f4d8) thrown at [C:\re\workspace\8-2-build-windows-amd64-cygwin\jdk8u51\3951\hotspot\src\share\vm\prims\jvm.cpp, line 1382]
Event: 7.036 Thread 0x0000000002c93800 Exception <a 'java/security/PrivilegedActionException'> (0x00000000d8024e38) thrown at [C:\re\workspace\8-2-build-windows-amd64-cygwin\jdk8u51\3951\hotspot\src\share\vm\prims\jvm.cpp, line 1382]
Event: 7.036 Thread 0x0000000002c93800 Exception <a 'java/security/PrivilegedActionException'> (0x00000000d8025180) thrown at [C:\re\workspace\8-2-build-windows-amd64-cygwin\jdk8u51\3951\hotspot\src\share\vm\prims\jvm.cpp, line 1382]
Event: 7.036 Thread 0x0000000002c93800 Exception <a 'java/security/PrivilegedActionException'> (0x00000000d802ac78) thrown at [C:\re\workspace\8-2-build-windows-amd64-cygwin\jdk8u51\3951\hotspot\src\share\vm\prims\jvm.cpp, line 1382]
Event: 7.036 Thread 0x0000000002c93800 Exception <a 'java/security/PrivilegedActionException'> (0x00000000d802afc0) thrown at [C:\re\workspace\8-2-build-windows-amd64-cygwin\jdk8u51\3951\hotspot\src\share\vm\prims\jvm.cpp, line 1382]
Event: 7.040 Thread 0x0000000002c93800 Exception <a 'java/security/PrivilegedActionException'> (0x00000000d8030a48) thrown at [C:\re\workspace\8-2-build-windows-amd64-cygwin\jdk8u51\3951\hotspot\src\share\vm\prims\jvm.cpp, line 1382]
Event: 7.040 Thread 0x0000000002c93800 Exception <a 'java/security/PrivilegedActionException'> (0x00000000d8030d90) thrown at [C:\re\workspace\8-2-build-windows-amd64-cygwin\jdk8u51\3951\hotspot\src\share\vm\prims\jvm.cpp, line 1382]
Event: 7.285 Thread 0x0000000002c93800 Implicit null exception at 0x0000000002ea4c55 to 0x0000000002ea4e21
Event: 7.458 Thread 0x0000000002c93800 Implicit null exception at 0x00000000030a6b6b to 0x00000000030a6cc3

Events (10 events):
Event: 8.313 loading class sun/reflect/ClassDefiner$1
Event: 8.313 loading class sun/reflect/ClassDefiner$1 done
Event: 8.313 loading class sun/reflect/BootstrapConstructorAccessorImpl
Event: 8.313 loading class sun/reflect/BootstrapConstructorAccessorImpl done
Event: 8.321 loading class org/openxmlformats/schemas/wordprocessingml/x2006/main/impl/CTBrImpl
Event: 8.321 loading class org/openxmlformats/schemas/wordprocessingml/x2006/main/impl/CTBrImpl done
Event: 8.321 loading class org/openxmlformats/schemas/wordprocessingml/x2006/main/STBrClear$Enum
Event: 8.321 loading class org/openxmlformats/schemas/wordprocessingml/x2006/main/STBrClear$Enum done
Event: 8.321 loading class org/openxmlformats/schemas/wordprocessingml/x2006/main/STBrType$Enum
Event: 8.321 loading class org/openxmlformats/schemas/wordprocessingml/x2006/main/STBrType$Enum done


Dynamic libraries:
0x00007ff7c3ce0000 - 0x00007ff7c3d17000 	C:\Program Files\Java\jdk1.8.0_51\bin\java.exe
0x00007ff97f3e0000 - 0x00007ff97f5d0000 	C:\WINDOWS\SYSTEM32\ntdll.dll
0x00007ff97f140000 - 0x00007ff97f1f2000 	C:\WINDOWS\System32\KERNEL32.DLL
0x00007ff97c630000 - 0x00007ff97c8d3000 	C:\WINDOWS\System32\KERNELBASE.dll
0x00007ff97e920000 - 0x00007ff97e9c3000 	C:\WINDOWS\System32\ADVAPI32.dll
0x00007ff97e640000 - 0x00007ff97e6de000 	C:\WINDOWS\System32\msvcrt.dll
0x00007ff97e2d0000 - 0x00007ff97e367000 	C:\WINDOWS\System32\sechost.dll
0x00007ff97dcd0000 - 0x00007ff97ddf0000 	C:\WINDOWS\System32\RPCRT4.dll
0x00007ff97ea50000 - 0x00007ff97ebe4000 	C:\WINDOWS\System32\USER32.dll
0x00007ff97c5b0000 - 0x00007ff97c5d1000 	C:\WINDOWS\System32\win32u.dll
0x00007ff97f100000 - 0x00007ff97f126000 	C:\WINDOWS\System32\GDI32.dll
0x00007ff97d1b0000 - 0x00007ff97d344000 	C:\WINDOWS\System32\gdi32full.dll
0x00007ff97d350000 - 0x00007ff97d3ee000 	C:\WINDOWS\System32\msvcp_win.dll
0x00007ff97c4b0000 - 0x00007ff97c5aa000 	C:\WINDOWS\System32\ucrtbase.dll
0x00007ff9705d0000 - 0x00007ff970855000 	C:\WINDOWS\WinSxS\amd64_microsoft.windows.common-controls_6595b64144ccf1df_6.0.18362.778_none_e6c6b761130d4fb8\COMCTL32.dll
0x00007ff97ec80000 - 0x00007ff97efb6000 	C:\WINDOWS\System32\combase.dll
0x00007ff97c9b0000 - 0x00007ff97ca30000 	C:\WINDOWS\System32\bcryptPrimitives.dll
0x00007ff97ec50000 - 0x00007ff97ec7e000 	C:\WINDOWS\System32\IMM32.DLL
0x00007ff97afb0000 - 0x00007ff97afe1000 	C:\Windows\system32\nvinitx.dll
0x00007ff97afa0000 - 0x00007ff97afaa000 	C:\WINDOWS\SYSTEM32\VERSION.dll
0x0000000054b30000 - 0x0000000054c02000 	C:\Program Files\Java\jdk1.8.0_51\jre\bin\msvcr100.dll
0x00000000534b0000 - 0x0000000053d33000 	C:\Program Files\Java\jdk1.8.0_51\jre\bin\server\jvm.dll
0x00007ff97f130000 - 0x00007ff97f138000 	C:\WINDOWS\System32\PSAPI.DLL
0x00007ff96e650000 - 0x00007ff96e659000 	C:\WINDOWS\SYSTEM32\WSOCK32.dll
0x00007ff97e260000 - 0x00007ff97e2cf000 	C:\WINDOWS\System32\WS2_32.dll
0x00007ff973400000 - 0x00007ff973424000 	C:\WINDOWS\SYSTEM32\WINMM.dll
0x00007ff973080000 - 0x00007ff9730ad000 	C:\WINDOWS\SYSTEM32\WINMMBASE.dll
0x00007ff97c5e0000 - 0x00007ff97c62a000 	C:\WINDOWS\System32\cfgmgr32.dll
0x0000000054d20000 - 0x0000000054d2f000 	C:\Program Files\Java\jdk1.8.0_51\jre\bin\verify.dll
0x0000000054cf0000 - 0x0000000054d19000 	C:\Program Files\Java\jdk1.8.0_51\jre\bin\java.dll
0x0000000054ac0000 - 0x0000000054ae3000 	C:\Program Files\Java\jdk1.8.0_51\jre\bin\instrument.dll
0x0000000054b10000 - 0x0000000054b26000 	C:\Program Files\Java\jdk1.8.0_51\jre\bin\zip.dll
0x00007ff97d570000 - 0x00007ff97dc55000 	C:\WINDOWS\System32\SHELL32.dll
0x00007ff97e3d0000 - 0x00007ff97e479000 	C:\WINDOWS\System32\shcore.dll
0x00007ff97ca30000 - 0x00007ff97d1b0000 	C:\WINDOWS\System32\windows.storage.dll
0x00007ff97c420000 - 0x00007ff97c443000 	C:\WINDOWS\System32\profapi.dll
0x00007ff97c3b0000 - 0x00007ff97c3fa000 	C:\WINDOWS\System32\powrprof.dll
0x00007ff97c380000 - 0x00007ff97c390000 	C:\WINDOWS\System32\UMPDC.dll
0x00007ff97e370000 - 0x00007ff97e3c2000 	C:\WINDOWS\System32\shlwapi.dll
0x00007ff97c390000 - 0x00007ff97c3a1000 	C:\WINDOWS\System32\kernel.appcore.dll
0x00007ff97c8e0000 - 0x00007ff97c8f7000 	C:\WINDOWS\System32\cryptsp.dll
0x00007ff972f80000 - 0x00007ff972f9a000 	D:\L\LiuWeiSS2\IntelliJ IDEA 2017.3.7\bin\breakgen64.dll
0x0000000054aa0000 - 0x0000000054aba000 	C:\Program Files\Java\jdk1.8.0_51\jre\bin\net.dll
0x00007ff97bbf0000 - 0x00007ff97bc57000 	C:\WINDOWS\system32\mswsock.dll
0x00007ff96f9d0000 - 0x00007ff96fbc4000 	C:\WINDOWS\SYSTEM32\dbghelp.dll

VM Arguments:
jvm_args: -javaagent:D:\L\LiuWeiSS2\IntelliJ IDEA 2017.3.7\lib\idea_rt.jar=53515:D:\L\LiuWeiSS2\IntelliJ IDEA 2017.3.7\bin -Dfile.encoding=UTF-8 
java_command: com.ss.poi.test.test
java_class_path (initial): C:\Program Files\Java\jdk1.8.0_51\jre\lib\charsets.jar;C:\Program Files\Java\jdk1.8.0_51\jre\lib\deploy.jar;C:\Program Files\Java\jdk1.8.0_51\jre\lib\ext\access-bridge-64.jar;C:\Program Files\Java\jdk1.8.0_51\jre\lib\ext\cldrdata.jar;C:\Program Files\Java\jdk1.8.0_51\jre\lib\ext\dnsns.jar;C:\Program Files\Java\jdk1.8.0_51\jre\lib\ext\jaccess.jar;C:\Program Files\Java\jdk1.8.0_51\jre\lib\ext\jfxrt.jar;C:\Program Files\Java\jdk1.8.0_51\jre\lib\ext\localedata.jar;C:\Program Files\Java\jdk1.8.0_51\jre\lib\ext\nashorn.jar;C:\Program Files\Java\jdk1.8.0_51\jre\lib\ext\sunec.jar;C:\Program Files\Java\jdk1.8.0_51\jre\lib\ext\sunjce_provider.jar;C:\Program Files\Java\jdk1.8.0_51\jre\lib\ext\sunmscapi.jar;C:\Program Files\Java\jdk1.8.0_51\jre\lib\ext\sunpkcs11.jar;C:\Program Files\Java\jdk1.8.0_51\jre\lib\ext\zipfs.jar;C:\Program Files\Java\jdk1.8.0_51\jre\lib\javaws.jar;C:\Program Files\Java\jdk1.8.0_51\jre\lib\jce.jar;C:\Program Files\Java\jdk1.8.0_51\jre\lib\jfr.jar;C:\Program Files\Java\jdk1.8.0_51\jre\lib\jfxswt.jar;C:\Program Files\Java\jdk1.8.0_51\jre\lib\jsse.jar;C:\Program Files\Java\jdk1.8.0_51\jre\lib\management-agent.jar;C:\Program Files\Java\jdk1.8.0_51\jre\lib\plugin.jar;C:\Program Files\Java\jdk1.8.0_51\jre\lib\resources.jar;C:\Program Files\Java\jdk1.8.0_51\jre\lib\rt.jar;D:\L\LiuWeiSS7\测试报表\报表\wordpoi\target\classes;C:\Users\ThinkPad\.m2\repository\com\google\code\gson\gson\2.8.0\gson-2.8.0.jar;C:\Users\ThinkPad\.m2\repository\org\apache\poi\ooxml-schemas\1.1\ooxml-schemas-1.1.jar;C:\Users\ThinkPad\.m2\repository\org\apache\poi\poi\3.14\poi-3.14.jar;C:\Users\ThinkPad\.m2\repository\commons-codec\commons-codec\1.10\commons-codec-1.10.jar;C:\Users\ThinkPad\.m2\repository\org\apache\poi\poi-scratchpad\3.14\poi-scratchpad-3.14.jar;C:\Users\ThinkPad\.m2\repository\org\apache\poi\poi-ooxml\3.14\poi-ooxml-3.14.jar;C:\Users\ThinkPad\.m2\repository\com\github\virtuald\curvesapi\1.03\curvesapi-1.03.jar;C:\Users\ThinkPad\.m2\repository
Launcher Type: SUN_STANDARD

Environment Variables:
JAVA_HOME=C:\Program Files\Java\jdk1.8.0_51
PATH=C:\ProgramData\Oracle\Java\javapath;C:\Program Files (x86)\Intel\iCLS Client\;C:\Program Files\Intel\iCLS Client\;C:\WINDOWS\system32;C:\WINDOWS;C:\WINDOWS\System32\Wbem;C:\WINDOWS\System32\WindowsPowerShell\v1.0\;C:\Program Files (x86)\Intel\Intel(R) Management Engine Components\DAL;C:\Program Files\Intel\Intel(R) Management Engine Components\DAL;C:\Program Files (x86)\Intel\Intel(R) Management Engine Components\IPT;C:\Program Files\Intel\Intel(R) Management Engine Components\IPT;C:\Program Files\Intel\WiFi\bin\;C:\Program Files\Common Files\Intel\WirelessCommon\;C:\Program Files\IVI Foundation\VISA\Win64\bin;C:\Program Files (x86)\IVI Foundation\VISA\WinNT\bin;C:\Program Files (x86)\IVI Foundation\VISA\WinNT\Bin\;C:\Program Files\IVI Foundation\VISA\Win64\Bin\;D:\L\LiuWeiSS4\mysqlLwSs\bin;D:\L\LiuWeiSS4\maven\apache-maven-3.3.9-bin\apache-maven-3.3.9\bin;D:\L\LiuWeiSS2\Git\cmd;D:\L\LiuWeiSS2\mongdb\bin;C:\WINDOWS\System32\OpenSSH\;C:\Program Files\Intel\WiFi\bin\;C:\Program Files\Common Files\Intel\WirelessCommon\;C:\sqlite;%USERPROFILE%\AppData\Local\Microsoft\WindowsApps;
USERNAME=ThinkPad
OS=Windows_NT
PROCESSOR_IDENTIFIER=Intel64 Family 6 Model 58 Stepping 9, GenuineIntel



---------------  S Y S T E M  ---------------

OS: Windows 10.0 , 64 bit Build 18362 (10.0.18362.778)

CPU:total 4 (2 cores per cpu, 2 threads per core) family 6 model 58 stepping 9, cmov, cx8, fxsr, mmx, sse, sse2, sse3, ssse3, sse4.1, sse4.2, popcnt, avx, aes, clmul, erms, ht, tsc, tscinvbit, tscinv

Memory: 4k page, physical 8079016k(1207588k free), swap 8079016k(4084k free)

vm_info: Java HotSpot(TM) 64-Bit Server VM (25.51-b03) for windows-amd64 JRE (1.8.0_51-b16), built on Jun  8 2015 18:03:07 by "java_re" with MS VC++ 10.0 (VS2010)

time: Thu May 07 15:37:56 2020
elapsed time: 8 seconds (0d 0h 0m 8s)

